# JRE version: OpenJDK Runtime Environment Corretto-17.0.6.10.1 (17.0.6+10) (build 17.0.6+10-LTS)
# Java VM: OpenJDK 64-Bit Server VM Corretto-17.0.6.10.1 (17.0.6+10-LTS, mixed mode, sharing, tiered, compressed oops, compressed class ptrs, g1 gc, linux-amd64)
GC Precious Log:
 CPUs: 8 total, 8 available
 Memory: 11965M
 Large Page Support: Disabled
 NUMA Support: Disabled
 Compressed Oops: Enabled (32-bit)
 Heap Region Size: 1M
 Heap Min Capacity: 256M
 Heap Initial Capacity: 256M
 Heap Max Capacity: 512M
 Pre-touch: Disabled
 Parallel Workers: 8
 Concurrent Workers: 2
 Concurrent Refinement Workers: 8
 Periodic GC: Disabled
Heap:
 garbage-first heap   total 524288K, used 329920K [0x00000000e0000000, 0x0000000100000000)
  region size 1024K, 66 young (67584K), 6 survivors (6144K)
 Metaspace       used 170963K, committed 173056K, reserved 471040K
  class space    used 20190K, committed 20992K, reserved 315392K
GC Heap History (20 events):
Event: 1850,253 GC heap before
{Heap before GC invocations=269 (full 0):
 garbage-first heap   total 524288K, used 427659K [0x00000000e0000000, 0x0000000100000000)
  region size 1024K, 111 young (113664K), 3 survivors (3072K)
 Metaspace       used 170674K, committed 172096K, reserved 471040K
  class space    used 20122K, committed 20864K, reserved 315392K
}
Event: 1850,263 GC heap after
{Heap after GC invocations=270 (full 0):
 garbage-first heap   total 524288K, used 321319K [0x00000000e0000000, 0x0000000100000000)
  region size 1024K, 14 young (14336K), 14 survivors (14336K)
 Metaspace       used 170674K, committed 172096K, reserved 471040K
  class space    used 20122K, committed 20864K, reserved 315392K
}
Event: 1850,856 GC heap before
{Heap before GC invocations=271 (full 0):
 garbage-first heap   total 524288K, used 419623K [0x00000000e0000000, 0x0000000100000000)
  region size 1024K, 119 young (121856K), 14 survivors (14336K)
 Metaspace       used 170366K, committed 171904K, reserved 471040K
  class space    used 20090K, committed 20864K, reserved 315392K
}
Event: 1850,871 GC heap after
{Heap after GC invocations=272 (full 0):
 garbage-first heap   total 524288K, used 319837K [0x00000000e0000000, 0x0000000100000000)
  region size 1024K, 8 young (8192K), 8 survivors (8192K)
 Metaspace       used 170366K, committed 171904K, reserved 471040K
  class space    used 20090K, committed 20864K, reserved 315392K
}
Event: 1850,916 GC heap before
{Heap before GC invocations=272 (full 0):
 garbage-first heap   total 524288K, used 337245K [0x00000000e0000000, 0x0000000100000000)
  region size 1024K, 25 young (25600K), 8 survivors (8192K)
 Metaspace       used 170368K, committed 171904K, reserved 471040K
  class space    used 20090K, committed 20864K, reserved 315392K
}
Event: 1850,932 GC heap after
{Heap after GC invocations=273 (full 0):
 garbage-first heap   total 524288K, used 281417K [0x00000000e0000000, 0x0000000100000000)
  region size 1024K, 2 young (2048K), 2 survivors (2048K)
 Metaspace       used 170368K, committed 171904K, reserved 471040K
  class space    used 20090K, committed 20864K, reserved 315392K
}
Event: 1852,017 GC heap before
{Heap before GC invocations=273 (full 0):
 garbage-first heap   total 524288K, used 423753K [0x00000000e0000000, 0x0000000100000000)
  region size 1024K, 142 young (145408K), 2 survivors (2048K)
 Metaspace       used 170655K, committed 171904K, reserved 471040K
  class space    used 20154K, committed 20864K, reserved 315392K
}
Event: 1852,025 GC heap after
{Heap after GC invocations=274 (full 0):
 garbage-first heap   total 524288K, used 291068K [0x00000000e0000000, 0x0000000100000000)
  region size 1024K, 11 young (11264K), 11 survivors (11264K)
 Metaspace       used 170655K, committed 171904K, reserved 471040K
  class space    used 20154K, committed 20864K, reserved 315392K
}
Event: 1927,117 GC heap before
{Heap before GC invocations=275 (full 0):
 garbage-first heap   total 524288K, used 433404K [0x00000000e0000000, 0x0000000100000000)
  region size 1024K, 145 young (148480K), 11 survivors (11264K)
 Metaspace       used 171237K, committed 172416K, reserved 471040K
  class space    used 20272K, committed 20864K, reserved 315392K
}
Event: 1927,142 GC heap after
{Heap after GC invocations=276 (full 0):
 garbage-first heap   total 524288K, used 316384K [0x00000000e0000000, 0x0000000100000000)
  region size 1024K, 19 young (19456K), 19 survivors (19456K)
 Metaspace       used 171237K, committed 172416K, reserved 471040K
  class space    used 20272K, committed 20864K, reserved 315392K
}
Event: 1927,152 GC heap before
{Heap before GC invocations=276 (full 0):
 garbage-first heap   total 524288K, used 323552K [0x00000000e0000000, 0x0000000100000000)
  region size 1024K, 25 young (25600K), 19 survivors (19456K)
 Metaspace       used 171237K, committed 172416K, reserved 471040K
  class space    used 20272K, committed 20864K, reserved 315392K
}
Event: 1927,176 GC heap after
{Heap after GC invocations=277 (full 0):
 garbage-first heap   total 524288K, used 286064K [0x00000000e0000000, 0x0000000100000000)
  region size 1024K, 4 young (4096K), 4 survivors (4096K)
 Metaspace       used 171237K, committed 172416K, reserved 471040K
  class space    used 20272K, committed 20864K, reserved 315392K
}
Event: 1927,706 GC heap before
{Heap before GC invocations=277 (full 0):
 garbage-first heap   total 524288K, used 418160K [0x00000000e0000000, 0x0000000100000000)
  region size 1024K, 133 young (136192K), 4 survivors (4096K)
 Metaspace       used 171456K, committed 172608K, reserved 471040K
  class space    used 20284K, committed 20864K, reserved 315392K
}
Event: 1927,716 GC heap after
{Heap after GC invocations=278 (full 0):
 garbage-first heap   total 524288K, used 290010K [0x00000000e0000000, 0x0000000100000000)
  region size 1024K, 15 young (15360K), 15 survivors (15360K)
 Metaspace       used 171456K, committed 172608K, reserved 471040K
  class space    used 20284K, committed 20864K, reserved 315392K
}
Event: 1928,338 GC heap before
{Heap before GC invocations=279 (full 0):
 garbage-first heap   total 524288K, used 421082K [0x00000000e0000000, 0x0000000100000000)
  region size 1024K, 143 young (146432K), 15 survivors (15360K)
 Metaspace       used 171429K, committed 172672K, reserved 471040K
  class space    used 20273K, committed 20864K, reserved 315392K
}
Event: 1928,349 GC heap after
{Heap after GC invocations=280 (full 0):
 garbage-first heap   total 524288K, used 293840K [0x00000000e0000000, 0x0000000100000000)
  region size 1024K, 5 young (5120K), 5 survivors (5120K)
 Metaspace       used 171429K, committed 172672K, reserved 471040K
  class space    used 20273K, committed 20864K, reserved 315392K
}
Event: 1928,406 GC heap before
{Heap before GC invocations=280 (full 0):
 garbage-first heap   total 524288K, used 314320K [0x00000000e0000000, 0x0000000100000000)
  region size 1024K, 25 young (25600K), 5 survivors (5120K)
 Metaspace       used 171436K, committed 172672K, reserved 471040K
  class space    used 20273K, committed 20864K, reserved 315392K
}
Event: 1928,435 GC heap after
{Heap after GC invocations=281 (full 0):
 garbage-first heap   total 524288K, used 282837K [0x00000000e0000000, 0x0000000100000000)
  region size 1024K, 3 young (3072K), 3 survivors (3072K)
 Metaspace       used 171436K, committed 172672K, reserved 471040K
  class space    used 20273K, committed 20864K, reserved 315392K
}
Event: 5977,694 GC heap before
{Heap before GC invocations=281 (full 0):
 garbage-first heap   total 524288K, used 425173K [0x00000000e0000000, 0x0000000100000000)
  region size 1024K, 143 young (146432K), 3 survivors (3072K)
 Metaspace       used 172036K, committed 173312K, reserved 471040K
  class space    used 20370K, committed 20992K, reserved 315392K
}
Event: 5977,729 GC heap after
{Heap after GC invocations=282 (full 0):
 garbage-first heap   total 524288K, used 285888K [0x00000000e0000000, 0x0000000100000000)
  region size 1024K, 6 young (6144K), 6 survivors (6144K)
 Metaspace       used 172036K, committed 173312K, reserved 471040K
  class space    used 20370K, committed 20992K, reserved 315392K
}

